
=== Sun Jul 10 15:41:14 2022

Packages were changed.
Update Mode: updateDependencies

The following packages were added:
  com.unity.ide.visualstudio@2.0.15
The following packages were updated:
  com.unity.analytics from version 3.3.4 to 3.6.12
  com.unity.collab-proxy from version 1.2.16 to 1.14.18
  com.unity.ext.nunit from version 1.0.0 to 1.0.6
  com.unity.ide.rider from version 1.1.4 to 1.2.1
  com.unity.ide.vscode from version 1.1.4 to 1.2.5
  com.unity.test-framework from version 1.0.18 to 1.1.31
  com.unity.textmeshpro from version 2.0.1 to 2.1.4
  com.unity.timeline from version 1.1.0 to 1.2.18
  com.unity.xr.openvr.standalone from version 1.0.5 to 2.0.5
The following packages were removed:
  com.unity.package-manager-ui@2.2.0

=== Mon Jul 11 11:15:41 2022

Packages were changed.
Update Mode: updateDependencies

The following packages were updated:
  com.unity.collab-proxy from version 1.14.18 to 1.15.18
  com.unity.ide.rider from version 1.2.1 to 3.0.15
  com.unity.ide.visualstudio from version 2.0.15 to 2.0.16
  com.unity.textmeshpro from version 2.1.4 to 3.0.6
  com.unity.timeline from version 1.2.18 to 1.6.4
  nuget.mono-cecil from version 0.1.6-preview to 1.0.0
The following packages were removed:
  com.unity.xr.openvr.standalone@2.0.5
